2024-02-02 17:14:11,738 INFO: Aplicació iniciada [in /home/gedica/Proyecto_1/my_app/__init__.py:54]
2024-02-02 17:14:19,093 INFO: Aplicació iniciada [in /home/gedica/Proyecto_1/my_app/__init__.py:54]
2024-02-02 17:14:19,101 INFO: Aplicació iniciada [in /home/gedica/Proyecto_1/my_app/__init__.py:54]
2024-02-02 17:14:19,101 INFO: Aplicació iniciada [in /home/gedica/Proyecto_1/my_app/__init__.py:54]
2024-02-02 17:14:19,576 DEBUG: <class 'my_app.models.Order'> [in /home/gedica/Proyecto_1/my_app/mixins.py:35]
2024-02-02 17:14:19,576 DEBUG: <class 'my_app.models.Order'> [in /home/gedica/Proyecto_1/my_app/mixins.py:35]
2024-02-02 17:14:46,309 DEBUG: <class 'my_app.models.Order'> [in /home/gedica/Proyecto_1/my_app/mixins.py:35]
2024-02-02 17:14:46,309 DEBUG: <class 'my_app.models.Order'> [in /home/gedica/Proyecto_1/my_app/mixins.py:35]
2024-02-02 17:14:47,034 DEBUG: <class 'my_app.models.Order'> [in /home/gedica/Proyecto_1/my_app/mixins.py:35]
2024-02-02 17:14:47,034 DEBUG: <class 'my_app.models.Order'> [in /home/gedica/Proyecto_1/my_app/mixins.py:35]
2024-02-02 17:14:58,305 DEBUG: <class 'my_app.models.Order'> [in /home/gedica/Proyecto_1/my_app/mixins.py:35]
2024-02-02 17:14:58,305 DEBUG: <class 'my_app.models.Order'> [in /home/gedica/Proyecto_1/my_app/mixins.py:35]
2024-02-02 17:15:17,747 INFO: Aplicació iniciada [in /home/gedica/Proyecto_1/my_app/__init__.py:54]
2024-02-02 17:15:17,755 INFO: Aplicació iniciada [in /home/gedica/Proyecto_1/my_app/__init__.py:54]
2024-02-02 17:15:17,755 INFO: Aplicació iniciada [in /home/gedica/Proyecto_1/my_app/__init__.py:54]
2024-02-02 17:15:19,069 INFO: Aplicació iniciada [in /home/gedica/Proyecto_1/my_app/__init__.py:54]
2024-02-02 17:15:19,076 INFO: Aplicació iniciada [in /home/gedica/Proyecto_1/my_app/__init__.py:54]
2024-02-02 17:15:19,076 INFO: Aplicació iniciada [in /home/gedica/Proyecto_1/my_app/__init__.py:54]
2024-02-02 17:15:20,397 INFO: Aplicació iniciada [in /home/gedica/Proyecto_1/my_app/__init__.py:54]
2024-02-02 17:15:20,405 INFO: Aplicació iniciada [in /home/gedica/Proyecto_1/my_app/__init__.py:54]
2024-02-02 17:15:20,405 INFO: Aplicació iniciada [in /home/gedica/Proyecto_1/my_app/__init__.py:54]
2024-02-02 17:15:24,742 INFO: Aplicació iniciada [in /home/gedica/Proyecto_1/my_app/__init__.py:54]
2024-02-02 17:15:24,749 INFO: Aplicació iniciada [in /home/gedica/Proyecto_1/my_app/__init__.py:54]
2024-02-02 17:15:24,749 INFO: Aplicació iniciada [in /home/gedica/Proyecto_1/my_app/__init__.py:54]
2024-02-02 17:15:28,077 INFO: Aplicació iniciada [in /home/gedica/Proyecto_1/my_app/__init__.py:54]
2024-02-02 17:15:28,084 INFO: Aplicació iniciada [in /home/gedica/Proyecto_1/my_app/__init__.py:54]
2024-02-02 17:15:28,084 INFO: Aplicació iniciada [in /home/gedica/Proyecto_1/my_app/__init__.py:54]
2024-02-02 17:15:33,717 INFO: Aplicació iniciada [in /home/gedica/Proyecto_1/my_app/__init__.py:54]
2024-02-02 17:15:33,724 INFO: Aplicació iniciada [in /home/gedica/Proyecto_1/my_app/__init__.py:54]
2024-02-02 17:15:33,724 INFO: Aplicació iniciada [in /home/gedica/Proyecto_1/my_app/__init__.py:54]
2024-02-02 17:15:35,046 INFO: Aplicació iniciada [in /home/gedica/Proyecto_1/my_app/__init__.py:54]
2024-02-02 17:15:35,054 INFO: Aplicació iniciada [in /home/gedica/Proyecto_1/my_app/__init__.py:54]
2024-02-02 17:15:35,054 INFO: Aplicació iniciada [in /home/gedica/Proyecto_1/my_app/__init__.py:54]
2024-02-02 17:15:51,448 INFO: Aplicació iniciada [in /home/gedica/Proyecto_1/my_app/__init__.py:54]
2024-02-02 17:15:51,455 INFO: Aplicació iniciada [in /home/gedica/Proyecto_1/my_app/__init__.py:54]
2024-02-02 17:15:51,455 INFO: Aplicació iniciada [in /home/gedica/Proyecto_1/my_app/__init__.py:54]
2024-02-02 17:16:09,423 INFO: Aplicació iniciada [in /home/gedica/Proyecto_1/my_app/__init__.py:54]
2024-02-02 17:16:09,430 INFO: Aplicació iniciada [in /home/gedica/Proyecto_1/my_app/__init__.py:54]
2024-02-02 17:16:09,430 INFO: Aplicació iniciada [in /home/gedica/Proyecto_1/my_app/__init__.py:54]
2024-02-02 17:16:11,746 INFO: Aplicació iniciada [in /home/gedica/Proyecto_1/my_app/__init__.py:54]
2024-02-02 17:16:11,753 INFO: Aplicació iniciada [in /home/gedica/Proyecto_1/my_app/__init__.py:54]
2024-02-02 17:16:11,753 INFO: Aplicació iniciada [in /home/gedica/Proyecto_1/my_app/__init__.py:54]
2024-02-02 17:16:17,080 INFO: Aplicació iniciada [in /home/gedica/Proyecto_1/my_app/__init__.py:54]
2024-02-02 17:16:17,087 INFO: Aplicació iniciada [in /home/gedica/Proyecto_1/my_app/__init__.py:54]
2024-02-02 17:16:17,087 INFO: Aplicació iniciada [in /home/gedica/Proyecto_1/my_app/__init__.py:54]
2024-02-02 17:16:19,417 INFO: Aplicació iniciada [in /home/gedica/Proyecto_1/my_app/__init__.py:54]
2024-02-02 17:16:19,426 INFO: Aplicació iniciada [in /home/gedica/Proyecto_1/my_app/__init__.py:54]
2024-02-02 17:16:19,426 INFO: Aplicació iniciada [in /home/gedica/Proyecto_1/my_app/__init__.py:54]
2024-02-02 17:16:20,097 DEBUG: <class 'my_app.models.Order'> [in /home/gedica/Proyecto_1/my_app/mixins.py:43]
2024-02-02 17:16:20,097 DEBUG: <class 'my_app.models.Order'> [in /home/gedica/Proyecto_1/my_app/mixins.py:43]
2024-02-02 17:16:50,520 INFO: Aplicació iniciada [in /home/gedica/Proyecto_1/my_app/__init__.py:54]
2024-02-02 17:16:50,527 INFO: Aplicació iniciada [in /home/gedica/Proyecto_1/my_app/__init__.py:54]
2024-02-02 17:16:50,527 INFO: Aplicació iniciada [in /home/gedica/Proyecto_1/my_app/__init__.py:54]
2024-02-02 17:16:53,617 DEBUG: <class 'my_app.models.Order'> [in /home/gedica/Proyecto_1/my_app/mixins.py:43]
2024-02-02 17:16:53,617 DEBUG: <class 'my_app.models.Order'> [in /home/gedica/Proyecto_1/my_app/mixins.py:43]
2024-02-02 17:17:08,959 INFO: Aplicació iniciada [in /home/gedica/Proyecto_1/my_app/__init__.py:54]
2024-02-02 17:17:08,967 INFO: Aplicació iniciada [in /home/gedica/Proyecto_1/my_app/__init__.py:54]
2024-02-02 17:17:08,967 INFO: Aplicació iniciada [in /home/gedica/Proyecto_1/my_app/__init__.py:54]
2024-02-02 17:17:11,283 INFO: Aplicació iniciada [in /home/gedica/Proyecto_1/my_app/__init__.py:54]
2024-02-02 17:17:11,290 INFO: Aplicació iniciada [in /home/gedica/Proyecto_1/my_app/__init__.py:54]
2024-02-02 17:17:11,290 INFO: Aplicació iniciada [in /home/gedica/Proyecto_1/my_app/__init__.py:54]
2024-02-02 17:17:13,613 INFO: Aplicació iniciada [in /home/gedica/Proyecto_1/my_app/__init__.py:54]
2024-02-02 17:17:13,621 INFO: Aplicació iniciada [in /home/gedica/Proyecto_1/my_app/__init__.py:54]
2024-02-02 17:17:13,621 INFO: Aplicació iniciada [in /home/gedica/Proyecto_1/my_app/__init__.py:54]
2024-02-02 17:17:15,951 INFO: Aplicació iniciada [in /home/gedica/Proyecto_1/my_app/__init__.py:54]
2024-02-02 17:17:15,959 INFO: Aplicació iniciada [in /home/gedica/Proyecto_1/my_app/__init__.py:54]
2024-02-02 17:17:15,959 INFO: Aplicació iniciada [in /home/gedica/Proyecto_1/my_app/__init__.py:54]
2024-02-02 17:17:18,047 DEBUG: <class 'my_app.models.Order'> [in /home/gedica/Proyecto_1/my_app/mixins.py:43]
2024-02-02 17:17:18,047 DEBUG: <class 'my_app.models.Order'> [in /home/gedica/Proyecto_1/my_app/mixins.py:43]
2024-02-02 17:18:02,448 DEBUG: <class 'my_app.models.Order'> [in /home/gedica/Proyecto_1/my_app/mixins.py:43]
2024-02-02 17:18:02,448 DEBUG: <class 'my_app.models.Order'> [in /home/gedica/Proyecto_1/my_app/mixins.py:43]
2024-02-02 17:18:11,994 DEBUG: <class 'my_app.models.Order'> [in /home/gedica/Proyecto_1/my_app/mixins.py:43]
2024-02-02 17:18:11,994 DEBUG: <class 'my_app.models.Order'> [in /home/gedica/Proyecto_1/my_app/mixins.py:43]
2024-02-02 17:18:20,155 DEBUG: <class 'my_app.models.Order'> [in /home/gedica/Proyecto_1/my_app/mixins.py:43]
2024-02-02 17:18:20,155 DEBUG: <class 'my_app.models.Order'> [in /home/gedica/Proyecto_1/my_app/mixins.py:43]
2024-02-02 17:18:49,777 DEBUG: <class 'my_app.models.Order'> [in /home/gedica/Proyecto_1/my_app/mixins.py:43]
2024-02-02 17:18:49,777 DEBUG: <class 'my_app.models.Order'> [in /home/gedica/Proyecto_1/my_app/mixins.py:43]
<<<<<<< Updated upstream
2024-02-02 18:56:06,758 INFO: Aplicació iniciada [in /home/gedica/Proyecto_1/my_app/__init__.py:54]
2024-02-02 18:56:06,766 INFO: Aplicació iniciada [in /home/gedica/Proyecto_1/my_app/__init__.py:54]
2024-02-02 18:56:06,766 INFO: Aplicació iniciada [in /home/gedica/Proyecto_1/my_app/__init__.py:54]
2024-02-02 18:56:07,005 INFO: Aplicació iniciada [in /home/gedica/Proyecto_1/my_app/__init__.py:54]
2024-02-02 18:56:07,013 INFO: Aplicació iniciada [in /home/gedica/Proyecto_1/my_app/__init__.py:54]
2024-02-02 18:56:07,013 INFO: Aplicació iniciada [in /home/gedica/Proyecto_1/my_app/__init__.py:54]
2024-02-02 18:57:36,917 INFO: Aplicació iniciada [in /home/gedica/Proyecto_1/my_app/__init__.py:54]
2024-02-02 18:57:36,925 INFO: Aplicació iniciada [in /home/gedica/Proyecto_1/my_app/__init__.py:54]
2024-02-02 18:57:36,925 INFO: Aplicació iniciada [in /home/gedica/Proyecto_1/my_app/__init__.py:54]
2024-02-02 18:57:37,163 INFO: Aplicació iniciada [in /home/gedica/Proyecto_1/my_app/__init__.py:54]
2024-02-02 18:57:37,170 INFO: Aplicació iniciada [in /home/gedica/Proyecto_1/my_app/__init__.py:54]
2024-02-02 18:57:37,170 INFO: Aplicació iniciada [in /home/gedica/Proyecto_1/my_app/__init__.py:54]
=======
>>>>>>> Stashed changes
